<?xml version="1.0" encoding="UTF-8"?>
<!-- Generated by org.testng.reporters.JUnitReportReporter -->
<testsuite hostname="DESKTOP-USVHKOQ" failures="0" tests="1" name="runner.TestRunner" time="38.382" errors="0" timestamp="2025-03-19T16:24:31 IST" skipped="0">
  <testcase classname="runner.TestRunner" name="runScenario" time="38.382"/>
  <system-out/>
</testsuite> <!-- runner.TestRunner -->
